0 info it worked if it ends with ok
1 verbose cli [ '/usr/local/bin/node', '/usr/local/bin/npm', 'up' ]
2 info using npm@3.9.3
3 info using node@v6.2.1
4 silly mapToRegistry name connect
5 silly mapToRegistry using default registry
6 silly mapToRegistry registry https://registry.npmjs.org/
7 silly mapToRegistry data Result {
7 silly mapToRegistry   raw: 'connect',
7 silly mapToRegistry   scope: null,
7 silly mapToRegistry   name: 'connect',
7 silly mapToRegistry   rawSpec: '',
7 silly mapToRegistry   spec: 'latest',
7 silly mapToRegistry   type: 'tag' }
8 silly mapToRegistry uri https://registry.npmjs.org/connect
9 silly mapToRegistry name lite-server
10 silly mapToRegistry using default registry
11 silly mapToRegistry registry https://registry.npmjs.org/
12 silly mapToRegistry data Result {
12 silly mapToRegistry   raw: 'lite-server',
12 silly mapToRegistry   scope: null,
12 silly mapToRegistry   name: 'lite-server',
12 silly mapToRegistry   rawSpec: '',
12 silly mapToRegistry   spec: 'latest',
12 silly mapToRegistry   type: 'tag' }
13 silly mapToRegistry uri https://registry.npmjs.org/lite-server
14 silly mapToRegistry name serve-static
15 silly mapToRegistry using default registry
16 silly mapToRegistry registry https://registry.npmjs.org/
17 silly mapToRegistry data Result {
17 silly mapToRegistry   raw: 'serve-static',
17 silly mapToRegistry   scope: null,
17 silly mapToRegistry   name: 'serve-static',
17 silly mapToRegistry   rawSpec: '',
17 silly mapToRegistry   spec: 'latest',
17 silly mapToRegistry   type: 'tag' }
18 silly mapToRegistry uri https://registry.npmjs.org/serve-static
19 silly mapToRegistry name concurrently
20 silly mapToRegistry using default registry
21 silly mapToRegistry registry https://registry.npmjs.org/
22 silly mapToRegistry data Result {
22 silly mapToRegistry   raw: 'concurrently',
22 silly mapToRegistry   scope: null,
22 silly mapToRegistry   name: 'concurrently',
22 silly mapToRegistry   rawSpec: '',
22 silly mapToRegistry   spec: 'latest',
22 silly mapToRegistry   type: 'tag' }
23 silly mapToRegistry uri https://registry.npmjs.org/concurrently
24 verbose request uri https://registry.npmjs.org/serve-static
25 verbose request no auth needed
26 info attempt registry request try #1 at 3:36:12 PM
27 verbose request id bc251ffa02b45404
28 verbose etag "8LOSSSKGX75M3DSY9A5122KJF"
29 http request GET https://registry.npmjs.org/serve-static
30 verbose request uri https://registry.npmjs.org/concurrently
31 verbose request no auth needed
32 info attempt registry request try #1 at 3:36:12 PM
33 verbose etag "CB8B4C6H1E8KR3H7VBK8NKQZZ"
34 http request GET https://registry.npmjs.org/concurrently
35 verbose request uri https://registry.npmjs.org/lite-server
36 verbose request no auth needed
37 info attempt registry request try #1 at 3:36:12 PM
38 verbose etag "EW0PELPX104EISC4XJLGZ2YIC"
39 http request GET https://registry.npmjs.org/lite-server
40 verbose request uri https://registry.npmjs.org/connect
41 verbose request no auth needed
42 info attempt registry request try #1 at 3:36:12 PM
43 verbose etag "7O411FZFPM09JD9IPN1C6NAM9"
44 http request GET https://registry.npmjs.org/connect
45 http 304 https://registry.npmjs.org/connect
46 verbose headers { date: 'Thu, 04 Aug 2016 10:06:09 GMT',
46 verbose headers   via: '1.1 varnish',
46 verbose headers   'cache-control': 'max-age=300',
46 verbose headers   etag: '"7O411FZFPM09JD9IPN1C6NAM9"',
46 verbose headers   age: '67',
46 verbose headers   connection: 'keep-alive',
46 verbose headers   'x-served-by': 'cache-sin6922-SIN',
46 verbose headers   'x-cache': 'HIT',
46 verbose headers   'x-cache-hits': '3',
46 verbose headers   'x-timer': 'S1470305169.696473,VS0,VE0',
46 verbose headers   vary: 'Accept-Encoding' }
47 silly get cb [ 304,
47 silly get   { date: 'Thu, 04 Aug 2016 10:06:09 GMT',
47 silly get     via: '1.1 varnish',
47 silly get     'cache-control': 'max-age=300',
47 silly get     etag: '"7O411FZFPM09JD9IPN1C6NAM9"',
47 silly get     age: '67',
47 silly get     connection: 'keep-alive',
47 silly get     'x-served-by': 'cache-sin6922-SIN',
47 silly get     'x-cache': 'HIT',
47 silly get     'x-cache-hits': '3',
47 silly get     'x-timer': 'S1470305169.696473,VS0,VE0',
47 silly get     vary: 'Accept-Encoding' } ]
48 verbose etag https://registry.npmjs.org/connect from cache
49 verbose get saving connect to /Users/dmitrygalyuk/.npm/registry.npmjs.org/connect/.cache.json
50 verbose correctMkdir /Users/dmitrygalyuk/.npm correctMkdir not in flight; initializing
51 http 200 https://registry.npmjs.org/lite-server
52 verbose headers { server: 'CouchDB/1.5.0 (Erlang OTP/R16B03)',
52 verbose headers   etag: '"1QXX5C79E0BAT3JU4V5P7JC2G"',
52 verbose headers   'content-type': 'application/json',
52 verbose headers   'content-encoding': 'gzip',
52 verbose headers   'cache-control': 'max-age=300',
52 verbose headers   'content-length': '5744',
52 verbose headers   'accept-ranges': 'bytes',
52 verbose headers   date: 'Thu, 04 Aug 2016 10:06:09 GMT',
52 verbose headers   via: '1.1 varnish',
52 verbose headers   age: '108',
52 verbose headers   connection: 'keep-alive',
52 verbose headers   'x-served-by': 'cache-sin6924-SIN',
52 verbose headers   'x-cache': 'HIT',
52 verbose headers   'x-cache-hits': '1',
52 verbose headers   'x-timer': 'S1470305169.691728,VS0,VE0',
52 verbose headers   vary: 'Accept-Encoding' }
53 silly get cb [ 200,
53 silly get   { server: 'CouchDB/1.5.0 (Erlang OTP/R16B03)',
53 silly get     etag: '"1QXX5C79E0BAT3JU4V5P7JC2G"',
53 silly get     'content-type': 'application/json',
53 silly get     'content-encoding': 'gzip',
53 silly get     'cache-control': 'max-age=300',
53 silly get     'content-length': '5744',
53 silly get     'accept-ranges': 'bytes',
53 silly get     date: 'Thu, 04 Aug 2016 10:06:09 GMT',
53 silly get     via: '1.1 varnish',
53 silly get     age: '108',
53 silly get     connection: 'keep-alive',
53 silly get     'x-served-by': 'cache-sin6924-SIN',
53 silly get     'x-cache': 'HIT',
53 silly get     'x-cache-hits': '1',
53 silly get     'x-timer': 'S1470305169.691728,VS0,VE0',
53 silly get     vary: 'Accept-Encoding' } ]
54 verbose get saving lite-server to /Users/dmitrygalyuk/.npm/registry.npmjs.org/lite-server/.cache.json
55 verbose correctMkdir /Users/dmitrygalyuk/.npm correctMkdir not in flight; initializing
56 http 200 https://registry.npmjs.org/concurrently
57 verbose headers { server: 'CouchDB/1.5.0 (Erlang OTP/R16B03)',
57 verbose headers   etag: '"17PY2M0QAA7V1ELXE9ZPD48A5"',
57 verbose headers   'content-type': 'application/json',
57 verbose headers   'content-encoding': 'gzip',
57 verbose headers   'cache-control': 'max-age=300',
57 verbose headers   'content-length': '4341',
57 verbose headers   'accept-ranges': 'bytes',
57 verbose headers   date: 'Thu, 04 Aug 2016 10:06:09 GMT',
57 verbose headers   via: '1.1 varnish',
57 verbose headers   age: '196',
57 verbose headers   connection: 'keep-alive',
57 verbose headers   'x-served-by': 'cache-sin6927-SIN',
57 verbose headers   'x-cache': 'HIT',
57 verbose headers   'x-cache-hits': '15',
57 verbose headers   'x-timer': 'S1470305169.699839,VS0,VE0',
57 verbose headers   vary: 'Accept-Encoding' }
58 silly get cb [ 200,
58 silly get   { server: 'CouchDB/1.5.0 (Erlang OTP/R16B03)',
58 silly get     etag: '"17PY2M0QAA7V1ELXE9ZPD48A5"',
58 silly get     'content-type': 'application/json',
58 silly get     'content-encoding': 'gzip',
58 silly get     'cache-control': 'max-age=300',
58 silly get     'content-length': '4341',
58 silly get     'accept-ranges': 'bytes',
58 silly get     date: 'Thu, 04 Aug 2016 10:06:09 GMT',
58 silly get     via: '1.1 varnish',
58 silly get     age: '196',
58 silly get     connection: 'keep-alive',
58 silly get     'x-served-by': 'cache-sin6927-SIN',
58 silly get     'x-cache': 'HIT',
58 silly get     'x-cache-hits': '15',
58 silly get     'x-timer': 'S1470305169.699839,VS0,VE0',
58 silly get     vary: 'Accept-Encoding' } ]
59 verbose get saving concurrently to /Users/dmitrygalyuk/.npm/registry.npmjs.org/concurrently/.cache.json
60 verbose correctMkdir /Users/dmitrygalyuk/.npm correctMkdir not in flight; initializing
61 http 200 https://registry.npmjs.org/serve-static
62 verbose headers { server: 'CouchDB/1.5.0 (Erlang OTP/R16B03)',
62 verbose headers   etag: '"1CYAHWXJB64DWG2TFMNPQ1AG"',
62 verbose headers   'content-type': 'application/json',
62 verbose headers   'content-encoding': 'gzip',
62 verbose headers   'cache-control': 'max-age=300',
62 verbose headers   'content-length': '10383',
62 verbose headers   'accept-ranges': 'bytes',
62 verbose headers   date: 'Thu, 04 Aug 2016 10:06:09 GMT',
62 verbose headers   via: '1.1 varnish',
62 verbose headers   age: '13',
62 verbose headers   connection: 'keep-alive',
62 verbose headers   'x-served-by': 'cache-sin6924-SIN',
62 verbose headers   'x-cache': 'HIT',
62 verbose headers   'x-cache-hits': '1',
62 verbose headers   'x-timer': 'S1470305169.704021,VS0,VE0',
62 verbose headers   vary: 'Accept-Encoding' }
63 silly get cb [ 200,
63 silly get   { server: 'CouchDB/1.5.0 (Erlang OTP/R16B03)',
63 silly get     etag: '"1CYAHWXJB64DWG2TFMNPQ1AG"',
63 silly get     'content-type': 'application/json',
63 silly get     'content-encoding': 'gzip',
63 silly get     'cache-control': 'max-age=300',
63 silly get     'content-length': '10383',
63 silly get     'accept-ranges': 'bytes',
63 silly get     date: 'Thu, 04 Aug 2016 10:06:09 GMT',
63 silly get     via: '1.1 varnish',
63 silly get     age: '13',
63 silly get     connection: 'keep-alive',
63 silly get     'x-served-by': 'cache-sin6924-SIN',
63 silly get     'x-cache': 'HIT',
63 silly get     'x-cache-hits': '1',
63 silly get     'x-timer': 'S1470305169.704021,VS0,VE0',
63 silly get     vary: 'Accept-Encoding' } ]
64 verbose get saving serve-static to /Users/dmitrygalyuk/.npm/registry.npmjs.org/serve-static/.cache.json
65 verbose correctMkdir /Users/dmitrygalyuk/.npm correctMkdir not in flight; initializing
66 silly cache add args [ 'serve-static', 'serve-static' ]
67 verbose cache add spec serve-static@serve-static
68 silly cache add parsed spec Result {
68 silly cache add   raw: 'serve-static@serve-static',
68 silly cache add   scope: null,
68 silly cache add   name: 'serve-static',
68 silly cache add   rawSpec: 'serve-static',
68 silly cache add   spec: 'serve-static',
68 silly cache add   type: 'tag' }
69 silly addNamed serve-static@serve-static
70 verbose addNamed "serve-static" is being treated as a dist-tag for serve-static
71 info addNameTag [ 'serve-static', 'serve-static' ]
72 silly mapToRegistry name serve-static
73 silly mapToRegistry using default registry
74 silly mapToRegistry registry https://registry.npmjs.org/
75 silly mapToRegistry data Result {
75 silly mapToRegistry   raw: 'serve-static',
75 silly mapToRegistry   scope: null,
75 silly mapToRegistry   name: 'serve-static',
75 silly mapToRegistry   rawSpec: '',
75 silly mapToRegistry   spec: 'latest',
75 silly mapToRegistry   type: 'tag' }
76 silly mapToRegistry uri https://registry.npmjs.org/serve-static
77 verbose addNameTag registry:https://registry.npmjs.org/serve-static not in flight; fetching
78 verbose get https://registry.npmjs.org/serve-static not expired, no request
79 silly addNameTag next cb for serve-static with tag serve-static
80 verbose stack Error: No compatible version found: serve-static@'serve-static'
80 verbose stack Valid install targets:
80 verbose stack 1.0.0, 1.0.1, 1.0.2, 1.0.3, 1.0.4, 1.1.0, 1.2.0, 1.2.1, 1.2.2, 1.2.3, 1.3.0, 1.3.1, 1.3.2, 1.4.0, 1.4.1, 1.4.2, 1.4.3, 1.4.4, 1.5.0, 1.5.1, 1.5.2, 1.5.3, 1.5.4, 1.6.0, 1.6.1, 1.6.2, 1.6.3, 1.6.4, 1.7.0, 1.7.1, 1.7.2, 1.8.0, 1.8.1, 1.6.5, 1.9.0, 1.9.1, 1.9.2, 1.9.3, 1.10.0, 1.10.1, 1.10.2, 1.10.3, 1.11.0, 1.11.1
80 verbose stack
80 verbose stack     at installTargetsError (/usr/local/lib/node_modules/npm/lib/cache/add-named.js:292:12)
80 verbose stack     at next (/usr/local/lib/node_modules/npm/lib/cache/add-named.js:95:10)
80 verbose stack     at RES (/usr/local/lib/node_modules/npm/node_modules/inflight/inflight.js:23:14)
80 verbose stack     at f (/usr/local/lib/node_modules/npm/node_modules/once/once.js:17:25)
80 verbose stack     at fixName (/usr/local/lib/node_modules/npm/lib/cache/add-named.js:30:5)
80 verbose stack     at /usr/local/lib/node_modules/npm/lib/utils/pulse-till-done.js:19:8
80 verbose stack     at CachingRegistryClient.get_ (/usr/local/lib/node_modules/npm/lib/cache/caching-client.js:126:16)
80 verbose stack     at /usr/local/lib/node_modules/npm/lib/cache/caching-client.js:91:14
80 verbose stack     at /usr/local/lib/node_modules/npm/node_modules/graceful-fs/graceful-fs.js:78:16
80 verbose stack     at FSReqWrap.readFileAfterClose [as oncomplete] (fs.js:439:3)
81 verbose cwd /Users/dmitrygalyuk/Dropbox/Projects/js/timeZones
82 error Darwin 15.5.0
83 error argv "/usr/local/bin/node" "/usr/local/bin/npm" "up"
84 error node v6.2.1
85 error npm  v3.9.3
86 error code ETARGET
87 error notarget No compatible version found: serve-static@'serve-static'
87 error notarget Valid install targets:
87 error notarget 1.0.0, 1.0.1, 1.0.2, 1.0.3, 1.0.4, 1.1.0, 1.2.0, 1.2.1, 1.2.2, 1.2.3, 1.3.0, 1.3.1, 1.3.2, 1.4.0, 1.4.1, 1.4.2, 1.4.3, 1.4.4, 1.5.0, 1.5.1, 1.5.2, 1.5.3, 1.5.4, 1.6.0, 1.6.1, 1.6.2, 1.6.3, 1.6.4, 1.7.0, 1.7.1, 1.7.2, 1.8.0, 1.8.1, 1.6.5, 1.9.0, 1.9.1, 1.9.2, 1.9.3, 1.10.0, 1.10.1, 1.10.2, 1.10.3, 1.11.0, 1.11.1
88 error notarget This is most likely not a problem with npm itself.
88 error notarget In most cases you or one of your dependencies are requesting
88 error notarget a package version that doesn't exist.
89 verbose exit [ 1, true ]
